<?xml version="1.0" encoding="UTF-8"?>
<testsuite xmlns:xsi="http://www.w3.org/2001/XMLSchema-instance" xsi:noNamespaceSchemaLocation="https://maven.apache.org/surefire/maven-surefire-plugin/xsd/surefire-test-report-3.0.xsd" version="3.0" name="org.example.runner.RunCucumberTest" time="15.992" tests="1" errors="0" skipped="0" failures="0">
  <properties>
[...]
</properties>
  <testcase name="Kullanici urunu sepete ekler" classname="Patimo sepet islemleri" time="15.724">
    <system-out><![CDATA[
Scenario: Kullanici urunu sepete ekler             # src/test/resources/features/patimo.feature:4
  Given kullanici Patimo ana sayfasini acar        # org.example.stepdefinitions.PatimoSteps.kullaniciPatimoAnaSayfasiniAcar()
  When kullanici Urunler sayfasina gider           # org.example.stepdefinitions.PatimoSteps.kullaniciUrunlerSayfasinaGider()
  And kullanici listelenen ilk urunu secer         # org.example.stepdefinitions.PatimoSteps.kullaniciListelenenIlkUruneTikar()
  And kullanici urunu sepete ekler                 # org.example.stepdefinitions.PatimoSteps.kullaniciUrunuSepeteEkler()
  Then sepet urunun basariyla eklendigini gosterir # org.example.stepdefinitions.PatimoSteps.sepetUrununBasariylaEklendiginiGosterir()
]]></system-out>
    <system-err><![CDATA[SLF4J(W): No SLF4J providers were found.
SLF4J(W): Defaulting to no-operation (NOP) logger implementation
SLF4J(W): See https://www.slf4j.org/codes.html#noProviders for further details.
]]></system-err>
  </testcase>
</testsuite>